app/build/intermediates/manifest_merge_blame_file/debug/manifest-merger-blame-debug-report.txt
1<?xml version="1.0" encoding="utf-8"?>
2<manifest xmlns:android="http://schemas.android.com/apk/res/android"
3    package="wethinkcode.co.za.matcha"
4    android:versionCode="1"
5    android:versionName="1.0" >
6
7    <uses-sdk
8        android:minSdkVersion="26"
8-->src/main/AndroidManifest.xml
9        android:targetSdkVersion="28" />
9-->src/main/AndroidManifest.xml
10
11    <uses-permission android:name="android.permission.INTERNET" />
11-->src/main/AndroidManifest.xml:6:5-67
11-->src/main/AndroidManifest.xml:6:22-64
12    <uses-permission android:name="android.permission.READ_EXTERNAL_STORAGE" />
12-->src/main/AndroidManifest.xml:7:5-80
12-->src/main/AndroidManifest.xml:7:22-77
13    <uses-permission android:name="android.permission.WRITE_EXTERNAL_STORAGE" />
13-->src/main/AndroidManifest.xml:8:5-81
13-->src/main/AndroidManifest.xml:8:22-78
14    <uses-permission android:name="android.permission.ACCESS_COARSE_LOCATION" />
14-->src/main/AndroidManifest.xml:9:5-81
14-->src/main/AndroidManifest.xml:9:22-78
15    <uses-permission android:name="android.permission.ACCESS_FINE_LOCATION" />
15-->src/main/AndroidManifest.xml:10:5-79
15-->src/main/AndroidManifest.xml:10:22-76
16    <uses-permission android:name="android.permission.ACCESS_WIFI_STATE" /> <!-- Although the *SdkVersion is captured in gradle build files, this is required for non gradle builds -->
16-->[com.google.android.libraries.places:places:2.2.0] AndroidManifest.xml:10:5-76
16-->[com.google.android.libraries.places:places:2.2.0] AndroidManifest.xml:10:22-73
17    <!-- <uses-sdk android:minSdkVersion="14"/> -->
18    <uses-permission android:name="android.permission.ACCESS_NETWORK_STATE" />
18-->[com.google.firebase:firebase-database:19.2.1] AndroidManifest.xml:25:5-79
18-->[com.google.firebase:firebase-database:19.2.1] AndroidManifest.xml:25:22-76
19
20    <uses-feature
20-->[com.google.android.gms:play-services-maps:17.0.0] AndroidManifest.xml:26:5-28:35
21        android:glEsVersion="0x00020000"
21-->[com.google.android.gms:play-services-maps:17.0.0] AndroidManifest.xml:27:9-41
22        android:required="true" />
22-->[com.google.android.gms:play-services-maps:17.0.0] AndroidManifest.xml:28:9-32
23
24    <uses-permission android:name="android.permission.WAKE_LOCK" /> <!-- Required by older versions of Google Play services to create IID tokens -->
24-->[com.google.android.gms:play-services-measurement-api:17.3.0] AndroidManifest.xml:24:5-68
24-->[com.google.android.gms:play-services-measurement-api:17.3.0] AndroidManifest.xml:24:22-65
25    <uses-permission android:name="com.google.android.c2dm.permission.RECEIVE" />
25-->[com.google.firebase:firebase-iid:20.0.2] AndroidManifest.xml:26:5-82
25-->[com.google.firebase:firebase-iid:20.0.2] AndroidManifest.xml:26:22-79
26    <uses-permission android:name="com.google.android.finsky.permission.BIND_GET_INSTALL_REFERRER_SERVICE" />
26-->[com.google.android.gms:play-services-measurement:17.3.0] AndroidManifest.xml:26:5-110
26-->[com.google.android.gms:play-services-measurement:17.3.0] AndroidManifest.xml:26:22-107
27
28    <application
28-->src/main/AndroidManifest.xml:12:5-70:19
29        android:allowBackup="true"
29-->src/main/AndroidManifest.xml:14:9-35
30        android:appComponentFactory="androidx.core.app.CoreComponentFactory"
30-->[androidx.core:core:1.1.0] AndroidManifest.xml:24:18-86
31        android:debuggable="true"
32        android:extractNativeLibs="false"
33        android:icon="@mipmap/ic_launcher"
33-->src/main/AndroidManifest.xml:15:9-43
34        android:label="@string/app_name"
34-->src/main/AndroidManifest.xml:16:9-41
35        android:roundIcon="@mipmap/ic_launcher_round"
35-->src/main/AndroidManifest.xml:17:9-54
36        android:supportsRtl="true"
36-->src/main/AndroidManifest.xml:18:9-35
37        android:testOnly="true"
38        android:theme="@style/AppTheme"
38-->src/main/AndroidManifest.xml:19:9-40
39        android:usesCleartextTraffic="true" >
39-->src/main/AndroidManifest.xml:13:9-44
40        <activity android:name="wethinkcode.co.za.matcha.ChangePassword" />
40-->src/main/AndroidManifest.xml:20:9-61
40-->src/main/AndroidManifest.xml:20:19-49
41        <activity
41-->src/main/AndroidManifest.xml:21:9-23:63
42            android:name="wethinkcode.co.za.matcha.SettingsActivity"
42-->src/main/AndroidManifest.xml:22:13-45
43            android:label="@string/title_activity_settings" />
43-->src/main/AndroidManifest.xml:23:13-60
44        <activity
44-->src/main/AndroidManifest.xml:24:9-27:59
45            android:name="wethinkcode.co.za.matcha.Account"
45-->src/main/AndroidManifest.xml:25:13-36
46            android:label="@string/title_activity_account"
46-->src/main/AndroidManifest.xml:26:13-59
47            android:theme="@style/AppTheme.NoActionBar" />
47-->src/main/AndroidManifest.xml:27:13-56
48        <activity android:name="wethinkcode.co.za.matcha.ForgotPW" />
48-->src/main/AndroidManifest.xml:28:9-46
48-->src/main/AndroidManifest.xml:28:19-43
49        <activity
49-->src/main/AndroidManifest.xml:29:9-32:59
50            android:name="wethinkcode.co.za.matcha.CreateProfile"
50-->src/main/AndroidManifest.xml:30:13-42
51            android:label="@string/title_activity_profile"
51-->src/main/AndroidManifest.xml:31:13-59
52            android:theme="@style/AppTheme.NoActionBar" />
52-->src/main/AndroidManifest.xml:32:13-56
53        <activity
53-->src/main/AndroidManifest.xml:33:9-36:59
54            android:name="wethinkcode.co.za.matcha.EditProfile"
54-->src/main/AndroidManifest.xml:34:13-40
55            android:label="@string/title_activity_profile"
55-->src/main/AndroidManifest.xml:35:13-59
56            android:theme="@style/AppTheme.NoActionBar" />
56-->src/main/AndroidManifest.xml:36:13-56
57        <activity android:name="wethinkcode.co.za.matcha.MainActivity" >
57-->src/main/AndroidManifest.xml:37:9-43:20
57-->src/main/AndroidManifest.xml:37:19-47
58            <intent-filter>
58-->src/main/AndroidManifest.xml:38:13-42:29
59                <action android:name="android.intent.action.MAIN" />
59-->src/main/AndroidManifest.xml:39:17-69
59-->src/main/AndroidManifest.xml:39:25-66
60
61                <category android:name="android.intent.category.LAUNCHER" />
61-->src/main/AndroidManifest.xml:41:17-77
61-->src/main/AndroidManifest.xml:41:27-74
62            </intent-filter>
63        </activity>
64        <activity android:name="wethinkcode.co.za.matcha.Register" />
64-->src/main/AndroidManifest.xml:44:9-46
64-->src/main/AndroidManifest.xml:44:19-43
65
66        <meta-data
66-->src/main/AndroidManifest.xml:46:9-48:55
67            android:name="com.facebook.sdk.ApplicationId"
67-->src/main/AndroidManifest.xml:47:13-58
68            android:value="@string/facebook_app_id" />
68-->src/main/AndroidManifest.xml:48:13-52
69        <meta-data
69-->src/main/AndroidManifest.xml:50:9-52:71
70            android:name="com.google.android.geo.API_KEY"
70-->src/main/AndroidManifest.xml:51:13-58
71            android:value="AIzaSyBgF0JZGgJDOVfDJrIapQRidnvIWcs7pfU" />
71-->src/main/AndroidManifest.xml:52:13-68
72
73        <activity
73-->src/main/AndroidManifest.xml:54:9-57:48
74            android:name="com.facebook.FacebookActivity"
74-->src/main/AndroidManifest.xml:55:13-57
75            android:configChanges="keyboard|keyboardHidden|screenLayout|screenSize|orientation"
75-->src/main/AndroidManifest.xml:56:13-96
76            android:label="@string/app_name"
76-->src/main/AndroidManifest.xml:57:13-45
77            android:theme="@style/com_facebook_activity_theme" />
77-->[com.facebook.android:facebook-common:4.41.0] AndroidManifest.xml:32:13-63
78        <activity
78-->src/main/AndroidManifest.xml:58:9-69:20
79            android:name="com.facebook.CustomTabActivity"
79-->src/main/AndroidManifest.xml:59:13-58
80            android:exported="true" >
80-->src/main/AndroidManifest.xml:60:13-36
81            <intent-filter>
81-->src/main/AndroidManifest.xml:61:13-68:29
82                <action android:name="android.intent.action.VIEW" />
82-->src/main/AndroidManifest.xml:62:17-69
82-->src/main/AndroidManifest.xml:62:25-66
83
84                <category android:name="android.intent.category.DEFAULT" />
84-->src/main/AndroidManifest.xml:64:17-76
84-->src/main/AndroidManifest.xml:64:27-73
85                <category android:name="android.intent.category.BROWSABLE" />
85-->src/main/AndroidManifest.xml:65:17-78
85-->src/main/AndroidManifest.xml:65:27-75
86
87                <data android:scheme="@string/fb_login_protocol_scheme" />
87-->src/main/AndroidManifest.xml:67:17-75
87-->src/main/AndroidManifest.xml:67:23-72
88            </intent-filter>
89        </activity>
90        <activity
90-->[com.google.android.libraries.places:places:2.2.0] AndroidManifest.xml:14:9-20:20
91            android:name="com.google.android.libraries.places.widget.AutocompleteActivity"
91-->[com.google.android.libraries.places:places:2.2.0] AndroidManifest.xml:15:13-91
92            android:exported="false"
92-->[com.google.android.libraries.places:places:2.2.0] AndroidManifest.xml:16:13-37
93            android:label="@string/places_autocomplete_label"
93-->[com.google.android.libraries.places:places:2.2.0] AndroidManifest.xml:17:13-62
94            android:theme="@style/PlacesAutocompleteOverlay"
94-->[com.google.android.libraries.places:places:2.2.0] AndroidManifest.xml:18:13-61
95            android:windowSoftInputMode="adjustResize" >
95-->[com.google.android.libraries.places:places:2.2.0] AndroidManifest.xml:19:13-55
96        </activity>
97        <activity android:name="com.facebook.CustomTabMainActivity" />
97-->[com.facebook.android:facebook-common:4.41.0] AndroidManifest.xml:33:9-71
97-->[com.facebook.android:facebook-common:4.41.0] AndroidManifest.xml:33:19-68
98
99        <service
99-->[com.google.firebase:firebase-database:19.2.1] AndroidManifest.xml:29:9-35:19
100            android:name="com.google.firebase.components.ComponentDiscoveryService"
100-->[com.google.firebase:firebase-database:19.2.1] AndroidManifest.xml:30:13-84
101            android:directBootAware="true"
101-->[com.google.firebase:firebase-common:19.3.0] AndroidManifest.xml:34:13-43
102            android:exported="false" >
102-->[com.google.firebase:firebase-database:19.2.1] AndroidManifest.xml:31:13-37
103            <meta-data
103-->[com.google.firebase:firebase-database:19.2.1] AndroidManifest.xml:32:13-34:85
104                android:name="com.google.firebase.components:com.google.firebase.database.DatabaseRegistrar"
104-->[com.google.firebase:firebase-database:19.2.1] AndroidManifest.xml:33:17-109
105                android:value="com.google.firebase.components.ComponentRegistrar" />
105-->[com.google.firebase:firebase-database:19.2.1] AndroidManifest.xml:34:17-82
106            <meta-data
106-->[com.google.firebase:firebase-storage:19.1.1] AndroidManifest.xml:33:13-35:85
107                android:name="com.google.firebase.components:com.google.firebase.storage.StorageRegistrar"
107-->[com.google.firebase:firebase-storage:19.1.1] AndroidManifest.xml:34:17-107
108                android:value="com.google.firebase.components.ComponentRegistrar" />
108-->[com.google.firebase:firebase-storage:19.1.1] AndroidManifest.xml:35:17-82
109            <meta-data
109-->[com.google.firebase:firebase-auth:19.3.0] AndroidManifest.xml:36:13-38:85
110                android:name="com.google.firebase.components:com.google.firebase.auth.FirebaseAuthRegistrar"
110-->[com.google.firebase:firebase-auth:19.3.0] AndroidManifest.xml:37:17-109
111                android:value="com.google.firebase.components.ComponentRegistrar" />
111-->[com.google.firebase:firebase-auth:19.3.0] AndroidManifest.xml:38:17-82
112            <meta-data
112-->[com.google.firebase:firebase-firestore:21.3.0] AndroidManifest.xml:20:13-22:85
113                android:name="com.google.firebase.components:com.google.firebase.firestore.FirestoreRegistrar"
113-->[com.google.firebase:firebase-firestore:21.3.0] AndroidManifest.xml:21:17-111
114                android:value="com.google.firebase.components.ComponentRegistrar" />
114-->[com.google.firebase:firebase-firestore:21.3.0] AndroidManifest.xml:22:17-82
115            <meta-data
115-->[com.google.android.gms:play-services-measurement-api:17.3.0] AndroidManifest.xml:30:13-32:85
116                android:name="com.google.firebase.components:com.google.firebase.analytics.connector.internal.AnalyticsConnectorRegistrar"
116-->[com.google.android.gms:play-services-measurement-api:17.3.0] AndroidManifest.xml:31:17-139
117                android:value="com.google.firebase.components.ComponentRegistrar" />
117-->[com.google.android.gms:play-services-measurement-api:17.3.0] AndroidManifest.xml:32:17-82
118            <meta-data
118-->[com.google.firebase:firebase-iid:20.0.2] AndroidManifest.xml:32:13-34:85
119                android:name="com.google.firebase.components:com.google.firebase.iid.Registrar"
119-->[com.google.firebase:firebase-iid:20.0.2] AndroidManifest.xml:33:17-96
120                android:value="com.google.firebase.components.ComponentRegistrar" />
120-->[com.google.firebase:firebase-iid:20.0.2] AndroidManifest.xml:34:17-82
121        </service>
122
123        <activity
123-->[com.google.firebase:firebase-auth:19.3.0] AndroidManifest.xml:24:9-31:50
124            android:name="com.google.firebase.auth.internal.FederatedSignInActivity"
124-->[com.google.firebase:firebase-auth:19.3.0] AndroidManifest.xml:25:13-85
125            android:excludeFromRecents="true"
125-->[com.google.firebase:firebase-auth:19.3.0] AndroidManifest.xml:26:13-46
126            android:exported="true"
126-->[com.google.firebase:firebase-auth:19.3.0] AndroidManifest.xml:27:13-36
127            android:launchMode="singleTask"
127-->[com.google.firebase:firebase-auth:19.3.0] AndroidManifest.xml:28:13-44
128            android:permission="com.google.firebase.auth.api.gms.permission.LAUNCH_FEDERATED_SIGN_IN"
128-->[com.google.firebase:firebase-auth:19.3.0] AndroidManifest.xml:29:13-102
129            android:theme="@android:style/Theme.Translucent.NoTitleBar" />
129-->[com.google.firebase:firebase-auth:19.3.0] AndroidManifest.xml:30:13-72
130
131        <provider
131-->[com.facebook.android:facebook-marketing:4.41.0] AndroidManifest.xml:29:9-32:40
132            android:name="com.facebook.marketing.internal.MarketingInitProvider"
132-->[com.facebook.android:facebook-marketing:4.41.0] AndroidManifest.xml:30:13-81
133            android:authorities="wethinkcode.co.za.matcha.MarketingInitProvider"
133-->[com.facebook.android:facebook-marketing:4.41.0] AndroidManifest.xml:31:13-73
134            android:exported="false" />
134-->[com.facebook.android:facebook-marketing:4.41.0] AndroidManifest.xml:32:13-37
135        <!--
136         The initialization ContentProvider will call FacebookSdk.sdkInitialize automatically
137         with the application context. This config is merged in with the host app's manifest,
138         but there can only be one provider with the same authority activated at any given
139         point; so if the end user has two or more different apps that use Facebook SDK, only the
140         first one will be able to use the provider. To work around this problem, we use the
141         following placeholder in the authority to identify each host application as if it was
142         a completely different provider.
143        -->
144        <provider
144-->[com.facebook.android:facebook-core:4.41.0] AndroidManifest.xml:39:9-42:40
145            android:name="com.facebook.internal.FacebookInitProvider"
145-->[com.facebook.android:facebook-core:4.41.0] AndroidManifest.xml:40:13-70
146            android:authorities="wethinkcode.co.za.matcha.FacebookInitProvider"
146-->[com.facebook.android:facebook-core:4.41.0] AndroidManifest.xml:41:13-72
147            android:exported="false" />
147-->[com.facebook.android:facebook-core:4.41.0] AndroidManifest.xml:42:13-37
148
149        <receiver
149-->[com.facebook.android:facebook-core:4.41.0] AndroidManifest.xml:44:9-50:20
150            android:name="com.facebook.CurrentAccessTokenExpirationBroadcastReceiver"
150-->[com.facebook.android:facebook-core:4.41.0] AndroidManifest.xml:45:13-86
151            android:exported="false" >
151-->[com.facebook.android:facebook-core:4.41.0] AndroidManifest.xml:46:13-37
152            <intent-filter>
152-->[com.facebook.android:facebook-core:4.41.0] AndroidManifest.xml:47:13-49:29
153                <action android:name="com.facebook.sdk.ACTION_CURRENT_ACCESS_TOKEN_CHANGED" />
153-->[com.facebook.android:facebook-core:4.41.0] AndroidManifest.xml:48:17-95
153-->[com.facebook.android:facebook-core:4.41.0] AndroidManifest.xml:48:25-92
154            </intent-filter>
155        </receiver>
156
157        <activity
157-->[com.google.android.gms:play-services-auth:18.0.0] AndroidManifest.xml:23:9-27:75
158            android:name="com.google.android.gms.auth.api.signin.internal.SignInHubActivity"
158-->[com.google.android.gms:play-services-auth:18.0.0] AndroidManifest.xml:24:13-93
159            android:excludeFromRecents="true"
159-->[com.google.android.gms:play-services-auth:18.0.0] AndroidManifest.xml:25:13-46
160            android:exported="false"
160-->[com.google.android.gms:play-services-auth:18.0.0] AndroidManifest.xml:26:13-37
161            android:theme="@android:style/Theme.Translucent.NoTitleBar" />
161-->[com.google.android.gms:play-services-auth:18.0.0] AndroidManifest.xml:27:13-72
162        <!--
163            Service handling Google Sign-In user revocation. For apps that do not integrate with
164            Google Sign-In, this service will never be started.
165        -->
166        <service
166-->[com.google.android.gms:play-services-auth:18.0.0] AndroidManifest.xml:33:9-36:110
167            android:name="com.google.android.gms.auth.api.signin.RevocationBoundService"
167-->[com.google.android.gms:play-services-auth:18.0.0] AndroidManifest.xml:34:13-89
168            android:exported="true"
168-->[com.google.android.gms:play-services-auth:18.0.0] AndroidManifest.xml:35:13-36
169            android:permission="com.google.android.gms.auth.api.signin.permission.REVOCATION_NOTIFICATION" /> <!-- Needs to be explicitly declared on P+ -->
169-->[com.google.android.gms:play-services-auth:18.0.0] AndroidManifest.xml:36:13-107
170        <uses-library
170-->[com.google.android.gms:play-services-maps:17.0.0] AndroidManifest.xml:33:9-35:40
171            android:name="org.apache.http.legacy"
171-->[com.google.android.gms:play-services-maps:17.0.0] AndroidManifest.xml:34:13-50
172            android:required="false" />
172-->[com.google.android.gms:play-services-maps:17.0.0] AndroidManifest.xml:35:13-37
173
174        <receiver
174-->[com.google.firebase:firebase-iid:20.0.2] AndroidManifest.xml:37:9-44:20
175            android:name="com.google.firebase.iid.FirebaseInstanceIdReceiver"
175-->[com.google.firebase:firebase-iid:20.0.2] AndroidManifest.xml:38:13-78
176            android:exported="true"
176-->[com.google.firebase:firebase-iid:20.0.2] AndroidManifest.xml:39:13-36
177            android:permission="com.google.android.c2dm.permission.SEND" >
177-->[com.google.firebase:firebase-iid:20.0.2] AndroidManifest.xml:40:13-73
178            <intent-filter>
178-->[com.google.firebase:firebase-iid:20.0.2] AndroidManifest.xml:41:13-43:29
179                <action android:name="com.google.android.c2dm.intent.RECEIVE" />
179-->[com.google.firebase:firebase-iid:20.0.2] AndroidManifest.xml:42:17-81
179-->[com.google.firebase:firebase-iid:20.0.2] AndroidManifest.xml:42:25-78
180            </intent-filter>
181        </receiver>
182
183        <activity
183-->[com.google.android.gms:play-services-base:17.1.0] AndroidManifest.xml:23:9-26:75
184            android:name="com.google.android.gms.common.api.GoogleApiActivity"
184-->[com.google.android.gms:play-services-base:17.1.0] AndroidManifest.xml:24:13-79
185            android:exported="false"
185-->[com.google.android.gms:play-services-base:17.1.0] AndroidManifest.xml:25:13-37
186            android:theme="@android:style/Theme.Translucent.NoTitleBar" />
186-->[com.google.android.gms:play-services-base:17.1.0] AndroidManifest.xml:26:13-72
187
188        <provider
188-->[com.google.firebase:firebase-common:19.3.0] AndroidManifest.xml:26:9-30:39
189            android:name="com.google.firebase.provider.FirebaseInitProvider"
189-->[com.google.firebase:firebase-common:19.3.0] AndroidManifest.xml:27:13-77
190            android:authorities="wethinkcode.co.za.matcha.firebaseinitprovider"
190-->[com.google.firebase:firebase-common:19.3.0] AndroidManifest.xml:28:13-72
191            android:exported="false"
191-->[com.google.firebase:firebase-common:19.3.0] AndroidManifest.xml:29:13-37
192            android:initOrder="100" />
192-->[com.google.firebase:firebase-common:19.3.0] AndroidManifest.xml:30:13-36
193
194        <receiver
194-->[com.google.android.gms:play-services-measurement:17.3.0] AndroidManifest.xml:29:9-33:20
195            android:name="com.google.android.gms.measurement.AppMeasurementReceiver"
195-->[com.google.android.gms:play-services-measurement:17.3.0] AndroidManifest.xml:30:13-85
196            android:enabled="true"
196-->[com.google.android.gms:play-services-measurement:17.3.0] AndroidManifest.xml:31:13-35
197            android:exported="false" >
197-->[com.google.android.gms:play-services-measurement:17.3.0] AndroidManifest.xml:32:13-37
198        </receiver>
199        <receiver
199-->[com.google.android.gms:play-services-measurement:17.3.0] AndroidManifest.xml:34:9-42:20
200            android:name="com.google.android.gms.measurement.AppMeasurementInstallReferrerReceiver"
200-->[com.google.android.gms:play-services-measurement:17.3.0] AndroidManifest.xml:35:13-100
201            android:enabled="true"
201-->[com.google.android.gms:play-services-measurement:17.3.0] AndroidManifest.xml:36:13-35
202            android:exported="true"
202-->[com.google.android.gms:play-services-measurement:17.3.0] AndroidManifest.xml:37:13-36
203            android:permission="android.permission.INSTALL_PACKAGES" >
203-->[com.google.android.gms:play-services-measurement:17.3.0] AndroidManifest.xml:38:13-69
204            <intent-filter>
204-->[com.google.android.gms:play-services-measurement:17.3.0] AndroidManifest.xml:39:13-41:29
205                <action android:name="com.android.vending.INSTALL_REFERRER" />
205-->[com.google.android.gms:play-services-measurement:17.3.0] AndroidManifest.xml:40:17-79
205-->[com.google.android.gms:play-services-measurement:17.3.0] AndroidManifest.xml:40:25-76
206            </intent-filter>
207        </receiver>
208
209        <service
209-->[com.google.android.gms:play-services-measurement:17.3.0] AndroidManifest.xml:44:9-47:40
210            android:name="com.google.android.gms.measurement.AppMeasurementService"
210-->[com.google.android.gms:play-services-measurement:17.3.0] AndroidManifest.xml:45:13-84
211            android:enabled="true"
211-->[com.google.android.gms:play-services-measurement:17.3.0] AndroidManifest.xml:46:13-35
212            android:exported="false" />
212-->[com.google.android.gms:play-services-measurement:17.3.0] AndroidManifest.xml:47:13-37
213        <service
213-->[com.google.android.gms:play-services-measurement:17.3.0] AndroidManifest.xml:48:9-52:72
214            android:name="com.google.android.gms.measurement.AppMeasurementJobService"
214-->[com.google.android.gms:play-services-measurement:17.3.0] AndroidManifest.xml:49:13-87
215            android:enabled="true"
215-->[com.google.android.gms:play-services-measurement:17.3.0] AndroidManifest.xml:50:13-35
216            android:exported="false"
216-->[com.google.android.gms:play-services-measurement:17.3.0] AndroidManifest.xml:51:13-37
217            android:permission="android.permission.BIND_JOB_SERVICE" />
217-->[com.google.android.gms:play-services-measurement:17.3.0] AndroidManifest.xml:52:13-69
218
219        <meta-data
219-->[com.google.android.gms:play-services-basement:17.1.1] AndroidManifest.xml:23:9-25:69
220            android:name="com.google.android.gms.version"
220-->[com.google.android.gms:play-services-basement:17.1.1] AndroidManifest.xml:24:13-58
221            android:value="@integer/google_play_services_version" />
221-->[com.google.android.gms:play-services-basement:17.1.1] AndroidManifest.xml:25:13-66
222
223        <service
223-->[com.google.android.datatransport:transport-backend-cct:2.1.0] AndroidManifest.xml:29:9-35:19
224            android:name="com.google.android.datatransport.runtime.backends.TransportBackendDiscovery"
224-->[com.google.android.datatransport:transport-backend-cct:2.1.0] AndroidManifest.xml:30:13-103
225            android:exported="false" >
225-->[com.google.android.datatransport:transport-backend-cct:2.1.0] AndroidManifest.xml:31:13-37
226            <meta-data
226-->[com.google.android.datatransport:transport-backend-cct:2.1.0] AndroidManifest.xml:32:13-34:39
227                android:name="backend:com.google.android.datatransport.cct.CctBackendFactory"
227-->[com.google.android.datatransport:transport-backend-cct:2.1.0] AndroidManifest.xml:33:17-94
228                android:value="cct" />
228-->[com.google.android.datatransport:transport-backend-cct:2.1.0] AndroidManifest.xml:34:17-36
229        </service>
230        <service
230-->[com.google.android.datatransport:transport-runtime:2.1.0] AndroidManifest.xml:26:9-30:19
231            android:name="com.google.android.datatransport.runtime.scheduling.jobscheduling.JobInfoSchedulerService"
231-->[com.google.android.datatransport:transport-runtime:2.1.0] AndroidManifest.xml:27:13-117
232            android:exported="false"
232-->[com.google.android.datatransport:transport-runtime:2.1.0] AndroidManifest.xml:28:13-37
233            android:permission="android.permission.BIND_JOB_SERVICE" >
233-->[com.google.android.datatransport:transport-runtime:2.1.0] AndroidManifest.xml:29:13-69
234        </service>
235
236        <receiver
236-->[com.google.android.datatransport:transport-runtime:2.1.0] AndroidManifest.xml:32:9-34:40
237            android:name="com.google.android.datatransport.runtime.scheduling.jobscheduling.AlarmManagerSchedulerBroadcastReceiver"
237-->[com.google.android.datatransport:transport-runtime:2.1.0] AndroidManifest.xml:33:13-132
238            android:exported="false" />
238-->[com.google.android.datatransport:transport-runtime:2.1.0] AndroidManifest.xml:34:13-37
239
240        <provider
240-->[androidx.lifecycle:lifecycle-process:2.1.0] AndroidManifest.xml:23:9-27:43
241            android:name="androidx.lifecycle.ProcessLifecycleOwnerInitializer"
241-->[androidx.lifecycle:lifecycle-process:2.1.0] AndroidManifest.xml:24:13-79
242            android:authorities="wethinkcode.co.za.matcha.lifecycle-process"
242-->[androidx.lifecycle:lifecycle-process:2.1.0] AndroidManifest.xml:25:13-69
243            android:exported="false"
243-->[androidx.lifecycle:lifecycle-process:2.1.0] AndroidManifest.xml:26:13-37
244            android:multiprocess="true" />
244-->[androidx.lifecycle:lifecycle-process:2.1.0] AndroidManifest.xml:27:13-40
245    </application>
246
247</manifest>